<?xml version="1.0" encoding="UTF-8"?>
<!-- Generated by org.testng.reporters.JUnitReportReporter -->
<testsuite skipped="0" hostname="DESKTOP-OJ3NUU7" name="testPaintCalculator.homepage.TC001_VerifyHappyPath" tests="1" failures="0" timestamp="07 Feb 2018 16:00:52 GMT" time="0.747" errors="0">
  <testcase name="verifyHappyPath" time="0.747" classname="testPaintCalculator.homepage.TC001_VerifyHappyPath"/>
</testsuite> <!-- testPaintCalculator.homepage.TC001_VerifyHappyPath -->
