<?xml version="1.0" encoding="UTF-8"?>
<!-- Generated by org.testng.reporters.JUnitReportReporter -->
<testsuite skipped="0" hostname="DESKTOP-OJ3NUU7" name="testPaintCalculator.homepage.TC002_VerifyErrorMessageOnHomePage" tests="1" failures="0" timestamp="07 Feb 2018 15:46:19 GMT" time="0.516" errors="0">
  <testcase name="verifyHappyPath" time="0.516" classname="testPaintCalculator.homepage.TC002_VerifyErrorMessageOnHomePage"/>
</testsuite> <!-- testPaintCalculator.homepage.TC002_VerifyErrorMessageOnHomePage -->
